2020-05-30 14:15:33,464 INFO 请求日志:access_token: Q-H4gPnjU4Zoixfv-Hh4K6WnWgK_AUXcCKB3buufJano8L0wC69992EX5hxN4PxlLx_GuWhNDNCyB8qlFd4PDAHzRRR39oHUK6y5RLCHRn372RbU2o1EhFH0znuZpcCmpgSYSFryghPWaviB2RD0saqMGddg96esJ_GJUplqHFwSrO31FMzb-m39K3LSk7rbY7_N1ZcB3TdvZ730bb5UhA
errcode: 0
errmsg: ok
expires_in: 7200
' 
2020-05-30 14:15:33,592 INFO 请求日志:errcode: 0
errmsg: 'ok. Warning: wrong json format. '
tag_group:
- create_time: 1590819025
  group_id: etWxnMCgAAcqU83q9bLApPDZAFHgIdfg
  group_name: GROUP_NAME,
  order: 0
  tag:
  - create_time: 1590819025
    id: etWxnMCgAA4GqygFRwskBCjZhJaKVwKg
    name: liqi
    order: 0
  - create_time: 1590819026
    id: etWxnMCgAAeZfXeaX2BdTaaR-OP2Wggg
    name: liwu
    order: 0
' 
2020-05-30 14:15:33,736 INFO 请求日志:errcode: 0
errmsg: ok
' 
2020-05-30 14:15:33,876 INFO 请求日志:errcode: 0
errmsg: ok
' 
2020-05-30 14:15:33,969 INFO 请求日志:errcode: 0
errmsg: 'ok. Warning: wrong json format. '
tag_group: []
' 
2020-05-30 14:15:34,088 INFO 请求日志:errcode: 0
errmsg: 'ok. Warning: wrong json format. '
tag_group: []
' 
2020-05-30 14:15:34,219 INFO 请求日志:errcode: 0
errmsg: ok
tag_group:
  group_id: etWxnMCgAAVDAxhnT7AphYNR2GUKeK3A
  group_name: GROUP_NAME,
  order: 0
  tag:
  - id: etWxnMCgAAn4f9MNqC_FVUoJuDH1pvLA
    name: wangwu
    order: 0
' 
2020-05-30 14:15:34,309 INFO 请求日志:errcode: 0
errmsg: 'ok. Warning: wrong json format. '
tag_group:
- create_time: 1590819334
  group_id: etWxnMCgAAVDAxhnT7AphYNR2GUKeK3A
  group_name: GROUP_NAME,
  order: 0
  tag:
  - create_time: 1590819334
    id: etWxnMCgAAn4f9MNqC_FVUoJuDH1pvLA
    name: wangwu
    order: 0
' 
2020-05-30 14:15:34,453 INFO 请求日志:errcode: 0
errmsg: ok
' 
2020-05-30 14:15:34,549 INFO 请求日志:errcode: 0
errmsg: 'ok. Warning: wrong json format. '
tag_group:
- create_time: 1590819334
  group_id: etWxnMCgAAVDAxhnT7AphYNR2GUKeK3A
  group_name: GROUP_NAME,
  order: 0
  tag:
  - create_time: 1590819334
    id: etWxnMCgAAn4f9MNqC_FVUoJuDH1pvLA
    name: liqi
    order: 0
' 
2020-05-30 14:15:34,653 INFO 请求日志:errcode: 0
errmsg: 'ok. Warning: wrong json format. '
tag_group:
- create_time: 1590819334
  group_id: etWxnMCgAAVDAxhnT7AphYNR2GUKeK3A
  group_name: GROUP_NAME,
  order: 0
  tag:
  - create_time: 1590819334
    id: etWxnMCgAAn4f9MNqC_FVUoJuDH1pvLA
    name: liqi
    order: 0
' 
2020-05-30 14:15:34,773 INFO 请求日志:errcode: 0
errmsg: ok
tag_group:
  group_id: etWxnMCgAAVDAxhnT7AphYNR2GUKeK3A
  group_name: GROUP_NAME,
  tag:
  - id: etWxnMCgAAsNsb6SsaaCOrB7UD58Kj6A
    name: zhangsan
    order: 0
' 
2020-05-30 14:15:34,864 INFO 请求日志:errcode: 0
errmsg: 'ok. Warning: wrong json format. '
tag_group:
- create_time: 1590819334
  group_id: etWxnMCgAAVDAxhnT7AphYNR2GUKeK3A
  group_name: GROUP_NAME,
  order: 0
  tag:
  - create_time: 1590819334
    id: etWxnMCgAAn4f9MNqC_FVUoJuDH1pvLA
    name: liqi
    order: 0
  - create_time: 1590819334
    id: etWxnMCgAAsNsb6SsaaCOrB7UD58Kj6A
    name: zhangsan
    order: 0
' 
2020-05-30 14:15:35,021 INFO 请求日志:errcode: 0
errmsg: ok
' 
2020-05-30 14:15:35,162 INFO 请求日志:errcode: 0
errmsg: ok
tag_group:
  group_id: etWxnMCgAAVDAxhnT7AphYNR2GUKeK3A
  group_name: GROUP_NAME,
  tag:
  - id: etWxnMCgAA0b4LiwBGlqW9w9XdBWv8lA
    name: wangwu
    order: 0
' 
2020-05-30 14:15:35,265 INFO 请求日志:errcode: 0
errmsg: 'ok. Warning: wrong json format. '
tag_group:
- create_time: 1590819334
  group_id: etWxnMCgAAVDAxhnT7AphYNR2GUKeK3A
  group_name: GROUP_NAME,
  order: 0
  tag:
  - create_time: 1590819334
    id: etWxnMCgAAn4f9MNqC_FVUoJuDH1pvLA
    name: liqi
    order: 0
  - create_time: 1590819335
    id: etWxnMCgAA0b4LiwBGlqW9w9XdBWv8lA
    name: wangwu
    order: 0
  - create_time: 1590819334
    id: etWxnMCgAAsNsb6SsaaCOrB7UD58Kj6A
    name: liwu
    order: 0
' 
2020-05-30 14:15:35,379 INFO 请求日志:errcode: 0
errmsg: ok
' 
2020-05-30 14:15:35,486 INFO 请求日志:errcode: 0
errmsg: 'ok. Warning: wrong json format. '
tag_group:
- create_time: 1590819334
  group_id: etWxnMCgAAVDAxhnT7AphYNR2GUKeK3A
  group_name: GROUP_NAME,
  order: 0
  tag:
  - create_time: 1590819334
    id: etWxnMCgAAn4f9MNqC_FVUoJuDH1pvLA
    name: liqi
    order: 0
  - create_time: 1590819335
    id: etWxnMCgAA0b4LiwBGlqW9w9XdBWv8lA
    name: zhangsan
    order: 0
  - create_time: 1590819334
    id: etWxnMCgAAsNsb6SsaaCOrB7UD58Kj6A
    name: liwu
    order: 0
' 
2020-05-30 14:15:35,579 INFO 请求日志:errcode: 0
errmsg: 'ok. Warning: wrong json format. '
tag_group:
- create_time: 1590819334
  group_id: etWxnMCgAAVDAxhnT7AphYNR2GUKeK3A
  group_name: GROUP_NAME,
  order: 0
  tag:
  - create_time: 1590819334
    id: etWxnMCgAAn4f9MNqC_FVUoJuDH1pvLA
    name: liqi
    order: 0
  - create_time: 1590819335
    id: etWxnMCgAA0b4LiwBGlqW9w9XdBWv8lA
    name: zhangsan
    order: 0
  - create_time: 1590819334
    id: etWxnMCgAAsNsb6SsaaCOrB7UD58Kj6A
    name: liwu
    order: 0
' 
2020-05-30 14:15:35,734 INFO 请求日志:errcode: 0
errmsg: ok
' 
2020-06-01 14:34:31,862 INFO 请求日志:access_token: ifHq28vRQUcx7s_dSgfuCQNdiUeezYkUsTsWxWbsFH6fdRuH9VQ6HWXiRZQk6Jt-UdDW8Nn3q4UmMTs-u3nlBiQDPB7R3a7s37119livXpz6VAdLJ7_BAz0KSYSJfJEmzWeQ9mksUrtrWxvxx4VPX6_Oq3CRpEGOLvwH2U5MP5v0wY43I7QutX0OeBFFUAPUSYGKl6Wd5C8py5HpJHB5iw
errcode: 0
errmsg: ok
expires_in: 7200
' 
2020-06-01 14:34:32,007 INFO 请求日志:errcode: 0
errmsg: 'ok. Warning: wrong json format. '
tag_group:
- create_time: 1590819334
  group_id: etWxnMCgAAVDAxhnT7AphYNR2GUKeK3A
  group_name: GROUP_NAME,
  order: 0
  tag:
  - create_time: 1590819334
    id: etWxnMCgAAn4f9MNqC_FVUoJuDH1pvLA
    name: liqi
    order: 0
  - create_time: 1590819334
    id: etWxnMCgAAsNsb6SsaaCOrB7UD58Kj6A
    name: liwu
    order: 0
' 
2020-06-01 14:34:32,153 INFO 请求日志:errcode: 0
errmsg: ok
' 
2020-06-01 14:34:32,347 INFO 请求日志:errcode: 0
errmsg: ok
' 
2020-06-01 14:34:32,472 INFO 请求日志:errcode: 0
errmsg: 'ok. Warning: wrong json format. '
tag_group: []
' 
2020-06-01 14:34:32,619 INFO 请求日志:errcode: 0
errmsg: 'ok. Warning: wrong json format. '
tag_group: []
' 
2020-06-01 14:34:32,794 INFO 请求日志:errcode: 0
errmsg: ok
tag_group:
  group_id: etWxnMCgAAMvD0M6f-SuG6P3GuyeCHLg
  group_name: GROUP_NAME,
  order: 0
  tag:
  - id: etWxnMCgAAaj-Wn4E9IZXXo0RgTPijOw
    name: wangwu
    order: 0
' 
2020-06-01 14:34:32,929 INFO 请求日志:errcode: 0
errmsg: 'ok. Warning: wrong json format. '
tag_group:
- create_time: 1590993272
  group_id: etWxnMCgAAMvD0M6f-SuG6P3GuyeCHLg
  group_name: GROUP_NAME,
  order: 0
  tag:
  - create_time: 1590993272
    id: etWxnMCgAAaj-Wn4E9IZXXo0RgTPijOw
    name: wangwu
    order: 0
' 
2020-06-01 14:34:33,105 INFO 请求日志:errcode: 0
errmsg: ok
' 
2020-06-01 14:34:33,247 INFO 请求日志:errcode: 0
errmsg: 'ok. Warning: wrong json format. '
tag_group:
- create_time: 1590993272
  group_id: etWxnMCgAAMvD0M6f-SuG6P3GuyeCHLg
  group_name: GROUP_NAME,
  order: 0
  tag:
  - create_time: 1590993272
    id: etWxnMCgAAaj-Wn4E9IZXXo0RgTPijOw
    name: liqi
    order: 0
' 
2020-06-01 14:34:33,378 INFO 请求日志:errcode: 0
errmsg: 'ok. Warning: wrong json format. '
tag_group:
- create_time: 1590993272
  group_id: etWxnMCgAAMvD0M6f-SuG6P3GuyeCHLg
  group_name: GROUP_NAME,
  order: 0
  tag:
  - create_time: 1590993272
    id: etWxnMCgAAaj-Wn4E9IZXXo0RgTPijOw
    name: liqi
    order: 0
' 
2020-06-01 14:34:33,514 INFO 请求日志:errcode: 0
errmsg: ok
tag_group:
  group_id: etWxnMCgAAMvD0M6f-SuG6P3GuyeCHLg
  group_name: GROUP_NAME,
  tag:
  - id: etWxnMCgAAi_QF8_9lD6aMcFIjhFhRdA
    name: zhangsan
    order: 0
' 
2020-06-01 14:34:33,647 INFO 请求日志:errcode: 0
errmsg: 'ok. Warning: wrong json format. '
tag_group:
- create_time: 1590993272
  group_id: etWxnMCgAAMvD0M6f-SuG6P3GuyeCHLg
  group_name: GROUP_NAME,
  order: 0
  tag:
  - create_time: 1590993272
    id: etWxnMCgAAaj-Wn4E9IZXXo0RgTPijOw
    name: liqi
    order: 0
  - create_time: 1590993273
    id: etWxnMCgAAi_QF8_9lD6aMcFIjhFhRdA
    name: zhangsan
    order: 0
' 
2020-06-01 14:34:33,831 INFO 请求日志:errcode: 0
errmsg: ok
' 
2020-06-01 14:34:33,990 INFO 请求日志:errcode: 0
errmsg: ok
tag_group:
  group_id: etWxnMCgAAMvD0M6f-SuG6P3GuyeCHLg
  group_name: GROUP_NAME,
  tag:
  - id: etWxnMCgAA3Ajk3xBydriL5PjEfIblhg
    name: wangwu
    order: 0
' 
2020-06-01 14:34:34,112 INFO 请求日志:errcode: 0
errmsg: 'ok. Warning: wrong json format. '
tag_group:
- create_time: 1590993272
  group_id: etWxnMCgAAMvD0M6f-SuG6P3GuyeCHLg
  group_name: GROUP_NAME,
  order: 0
  tag:
  - create_time: 1590993272
    id: etWxnMCgAAaj-Wn4E9IZXXo0RgTPijOw
    name: liqi
    order: 0
  - create_time: 1590993273
    id: etWxnMCgAAi_QF8_9lD6aMcFIjhFhRdA
    name: liwu
    order: 0
  - create_time: 1590993273
    id: etWxnMCgAA3Ajk3xBydriL5PjEfIblhg
    name: wangwu
    order: 0
' 
2020-06-01 14:34:34,265 INFO 请求日志:errcode: 0
errmsg: ok
' 
2020-06-01 14:34:34,400 INFO 请求日志:errcode: 0
errmsg: 'ok. Warning: wrong json format. '
tag_group:
- create_time: 1590993272
  group_id: etWxnMCgAAMvD0M6f-SuG6P3GuyeCHLg
  group_name: GROUP_NAME,
  order: 0
  tag:
  - create_time: 1590993272
    id: etWxnMCgAAaj-Wn4E9IZXXo0RgTPijOw
    name: liqi
    order: 0
  - create_time: 1590993273
    id: etWxnMCgAAi_QF8_9lD6aMcFIjhFhRdA
    name: liwu
    order: 0
  - create_time: 1590993273
    id: etWxnMCgAA3Ajk3xBydriL5PjEfIblhg
    name: zhangsan
    order: 0
' 
2020-06-01 14:34:34,504 INFO 请求日志:errcode: 0
errmsg: 'ok. Warning: wrong json format. '
tag_group:
- create_time: 1590993272
  group_id: etWxnMCgAAMvD0M6f-SuG6P3GuyeCHLg
  group_name: GROUP_NAME,
  order: 0
  tag:
  - create_time: 1590993272
    id: etWxnMCgAAaj-Wn4E9IZXXo0RgTPijOw
    name: liqi
    order: 0
  - create_time: 1590993273
    id: etWxnMCgAAi_QF8_9lD6aMcFIjhFhRdA
    name: liwu
    order: 0
  - create_time: 1590993273
    id: etWxnMCgAA3Ajk3xBydriL5PjEfIblhg
    name: zhangsan
    order: 0
' 
2020-06-01 14:34:34,671 INFO 请求日志:errcode: 0
errmsg: ok
' 
2020-06-01 14:39:53,075 INFO 请求日志:access_token: ifHq28vRQUcx7s_dSgfuCQNdiUeezYkUsTsWxWbsFH6fdRuH9VQ6HWXiRZQk6Jt-UdDW8Nn3q4UmMTs-u3nlBiQDPB7R3a7s37119livXpz6VAdLJ7_BAz0KSYSJfJEmzWeQ9mksUrtrWxvxx4VPX6_Oq3CRpEGOLvwH2U5MP5v0wY43I7QutX0OeBFFUAPUSYGKl6Wd5C8py5HpJHB5iw
errcode: 0
errmsg: ok
expires_in: 7200
' 
2020-06-01 14:39:53,215 INFO 请求日志:errcode: 0
errmsg: 'ok. Warning: wrong json format. '
tag_group:
- create_time: 1590993272
  group_id: etWxnMCgAAMvD0M6f-SuG6P3GuyeCHLg
  group_name: GROUP_NAME,
  order: 0
  tag:
  - create_time: 1590993272
    id: etWxnMCgAAaj-Wn4E9IZXXo0RgTPijOw
    name: liqi
    order: 0
  - create_time: 1590993273
    id: etWxnMCgAAi_QF8_9lD6aMcFIjhFhRdA
    name: liwu
    order: 0
' 
2020-06-01 14:39:53,410 INFO 请求日志:errcode: 0
errmsg: ok
' 
2020-06-01 14:39:53,570 INFO 请求日志:errcode: 0
errmsg: ok
' 
2020-06-01 14:39:53,677 INFO 请求日志:errcode: 0
errmsg: 'ok. Warning: wrong json format. '
tag_group: []
' 
2020-06-01 14:39:53,799 INFO 请求日志:errcode: 0
errmsg: 'ok. Warning: wrong json format. '
tag_group: []
' 
2020-06-01 14:39:53,927 INFO 请求日志:errcode: 40068
errmsg: 'invalid tagid, hint: [1590993593_61_832276e105a1c6a8df3f1a081e9489e4], from
  ip: 58.248.10.92, more info at https://open.work.weixin.qq.com/devtool/query?e=40068'
' 
2020-06-01 14:39:54,118 INFO 请求日志:errcode: 0
errmsg: 'ok. Warning: wrong json format. '
tag_group: []
' 
2020-06-01 14:39:54,235 INFO 请求日志:errcode: 0
errmsg: 'ok. Warning: wrong json format. '
tag_group: []
' 
2020-06-01 14:39:54,358 INFO 请求日志:errcode: 40068
errmsg: 'invalid tagid, hint: [1590993594_60_1156f156fd1c82ce06effd4ac14bb3d0], from
  ip: 58.248.10.92, more info at https://open.work.weixin.qq.com/devtool/query?e=40068'
' 
2020-06-01 14:39:54,494 INFO 请求日志:errcode: 40068
errmsg: 'invalid tagid, hint: [1590993594_59_f5681483db1d41a64daabd27aa87c414], from
  ip: 58.248.10.92, more info at https://open.work.weixin.qq.com/devtool/query?e=40068'
' 
2020-06-01 14:39:54,607 INFO 请求日志:errcode: 0
errmsg: 'ok. Warning: wrong json format. '
tag_group: []
' 
2020-06-01 14:39:54,717 INFO 请求日志:errcode: 0
errmsg: 'ok. Warning: wrong json format. '
tag_group: []
' 
2020-06-01 14:39:54,862 INFO 请求日志:errcode: 0
errmsg: 'ok. Warning: wrong json format. '
tag_group: []
' 
2020-06-01 14:40:04,552 INFO 请求日志:access_token: ifHq28vRQUcx7s_dSgfuCQNdiUeezYkUsTsWxWbsFH6fdRuH9VQ6HWXiRZQk6Jt-UdDW8Nn3q4UmMTs-u3nlBiQDPB7R3a7s37119livXpz6VAdLJ7_BAz0KSYSJfJEmzWeQ9mksUrtrWxvxx4VPX6_Oq3CRpEGOLvwH2U5MP5v0wY43I7QutX0OeBFFUAPUSYGKl6Wd5C8py5HpJHB5iw
errcode: 0
errmsg: ok
expires_in: 7200
' 
2020-06-01 14:40:04,746 INFO 请求日志:errcode: 0
errmsg: 'ok. Warning: wrong json format. '
tag_group: []
' 
2020-06-01 14:40:04,876 INFO 请求日志:errcode: 0
errmsg: 'ok. Warning: wrong json format. '
tag_group: []
' 
2020-06-01 14:40:09,486 INFO 请求日志:errcode: 0
errmsg: 'ok. Warning: wrong json format. '
tag_group: []
' 
2020-06-01 14:40:09,897 INFO 请求日志:errcode: 0
errmsg: ok
tag_group:
  group_id: etWxnMCgAA02wYr-0Rw-UpJhmCk1jlQA
  group_name: GROUP_NAME,
  order: 0
  tag:
  - id: etWxnMCgAAl7Scx7UiLuZGIjb3RCYnNg
    name: wangwu
    order: 0
' 
2020-06-01 14:40:10,312 INFO 请求日志:errcode: 0
errmsg: 'ok. Warning: wrong json format. '
tag_group:
- create_time: 1590993609
  group_id: etWxnMCgAA02wYr-0Rw-UpJhmCk1jlQA
  group_name: GROUP_NAME,
  order: 0
  tag:
  - create_time: 1590993609
    id: etWxnMCgAAl7Scx7UiLuZGIjb3RCYnNg
    name: wangwu
    order: 0
' 
2020-06-01 14:40:10,815 INFO 请求日志:errcode: 0
errmsg: ok
' 
2020-06-01 14:40:11,023 INFO 请求日志:errcode: 0
errmsg: 'ok. Warning: wrong json format. '
tag_group:
- create_time: 1590993609
  group_id: etWxnMCgAA02wYr-0Rw-UpJhmCk1jlQA
  group_name: GROUP_NAME,
  order: 0
  tag:
  - create_time: 1590993609
    id: etWxnMCgAAl7Scx7UiLuZGIjb3RCYnNg
    name: liqi
    order: 0
' 
2020-06-01 14:40:11,303 INFO 请求日志:errcode: 0
errmsg: 'ok. Warning: wrong json format. '
tag_group:
- create_time: 1590993609
  group_id: etWxnMCgAA02wYr-0Rw-UpJhmCk1jlQA
  group_name: GROUP_NAME,
  order: 0
  tag:
  - create_time: 1590993609
    id: etWxnMCgAAl7Scx7UiLuZGIjb3RCYnNg
    name: liqi
    order: 0
' 
2020-06-01 14:40:11,492 INFO 请求日志:errcode: 0
errmsg: ok
tag_group:
  group_id: etWxnMCgAA02wYr-0Rw-UpJhmCk1jlQA
  group_name: GROUP_NAME,
  tag:
  - id: etWxnMCgAAmSpj_DjnnP5JOCVlZEXSOA
    name: zhangsan
    order: 0
' 
2020-06-01 14:40:11,953 INFO 请求日志:errcode: 0
errmsg: 'ok. Warning: wrong json format. '
tag_group:
- create_time: 1590993609
  group_id: etWxnMCgAA02wYr-0Rw-UpJhmCk1jlQA
  group_name: GROUP_NAME,
  order: 0
  tag:
  - create_time: 1590993611
    id: etWxnMCgAAmSpj_DjnnP5JOCVlZEXSOA
    name: zhangsan
    order: 0
  - create_time: 1590993609
    id: etWxnMCgAAl7Scx7UiLuZGIjb3RCYnNg
    name: liqi
    order: 0
' 
2020-06-01 14:40:12,435 INFO 请求日志:errcode: 0
errmsg: ok
' 
2020-06-01 14:40:12,623 INFO 请求日志:errcode: 0
errmsg: ok
tag_group:
  group_id: etWxnMCgAA02wYr-0Rw-UpJhmCk1jlQA
  group_name: GROUP_NAME,
  tag:
  - id: etWxnMCgAANBQCdmjj6CJw3IBHaQ8UTg
    name: wangwu
    order: 0
' 
2020-06-01 14:40:13,076 INFO 请求日志:errcode: 0
errmsg: 'ok. Warning: wrong json format. '
tag_group:
- create_time: 1590993609
  group_id: etWxnMCgAA02wYr-0Rw-UpJhmCk1jlQA
  group_name: GROUP_NAME,
  order: 0
  tag:
  - create_time: 1590993611
    id: etWxnMCgAAmSpj_DjnnP5JOCVlZEXSOA
    name: liwu
    order: 0
  - create_time: 1590993609
    id: etWxnMCgAAl7Scx7UiLuZGIjb3RCYnNg
    name: liqi
    order: 0
  - create_time: 1590993612
    id: etWxnMCgAANBQCdmjj6CJw3IBHaQ8UTg
    name: wangwu
    order: 0
' 
2020-06-01 14:40:13,684 INFO 请求日志:errcode: 0
errmsg: ok
' 
2020-06-01 14:40:13,809 INFO 请求日志:errcode: 0
errmsg: 'ok. Warning: wrong json format. '
tag_group:
- create_time: 1590993609
  group_id: etWxnMCgAA02wYr-0Rw-UpJhmCk1jlQA
  group_name: GROUP_NAME,
  order: 0
  tag:
  - create_time: 1590993611
    id: etWxnMCgAAmSpj_DjnnP5JOCVlZEXSOA
    name: liwu
    order: 0
  - create_time: 1590993609
    id: etWxnMCgAAl7Scx7UiLuZGIjb3RCYnNg
    name: liqi
    order: 0
  - create_time: 1590993612
    id: etWxnMCgAANBQCdmjj6CJw3IBHaQ8UTg
    name: zhangsan
    order: 0
' 
2020-06-01 14:40:13,931 INFO 请求日志:errcode: 0
errmsg: 'ok. Warning: wrong json format. '
tag_group:
- create_time: 1590993609
  group_id: etWxnMCgAA02wYr-0Rw-UpJhmCk1jlQA
  group_name: GROUP_NAME,
  order: 0
  tag:
  - create_time: 1590993611
    id: etWxnMCgAAmSpj_DjnnP5JOCVlZEXSOA
    name: liwu
    order: 0
  - create_time: 1590993609
    id: etWxnMCgAAl7Scx7UiLuZGIjb3RCYnNg
    name: liqi
    order: 0
  - create_time: 1590993612
    id: etWxnMCgAANBQCdmjj6CJw3IBHaQ8UTg
    name: zhangsan
    order: 0
' 
2020-06-01 14:40:14,419 INFO 请求日志:errcode: 0
errmsg: ok
' 
2020-06-01 14:48:35,229 INFO 请求日志:access_token: ifHq28vRQUcx7s_dSgfuCQNdiUeezYkUsTsWxWbsFH6fdRuH9VQ6HWXiRZQk6Jt-UdDW8Nn3q4UmMTs-u3nlBiQDPB7R3a7s37119livXpz6VAdLJ7_BAz0KSYSJfJEmzWeQ9mksUrtrWxvxx4VPX6_Oq3CRpEGOLvwH2U5MP5v0wY43I7QutX0OeBFFUAPUSYGKl6Wd5C8py5HpJHB5iw
errcode: 0
errmsg: ok
expires_in: 7200
' 
2020-06-01 14:48:35,438 INFO 请求日志:errcode: 0
errmsg: 'ok. Warning: wrong json format. '
tag_group:
- create_time: 1590993609
  group_id: etWxnMCgAA02wYr-0Rw-UpJhmCk1jlQA
  group_name: GROUP_NAME,
  order: 0
  tag:
  - create_time: 1590993611
    id: etWxnMCgAAmSpj_DjnnP5JOCVlZEXSOA
    name: liwu
    order: 0
  - create_time: 1590993609
    id: etWxnMCgAAl7Scx7UiLuZGIjb3RCYnNg
    name: liqi
    order: 0
' 
2020-06-01 14:48:35,592 INFO 请求日志:errcode: 0
errmsg: ok
' 
2020-06-01 14:48:35,751 INFO 请求日志:errcode: 0
errmsg: ok
' 
2020-06-01 14:48:35,880 INFO 请求日志:errcode: 0
errmsg: 'ok. Warning: wrong json format. '
tag_group: []
' 
2020-06-01 14:48:36,048 INFO 请求日志:errcode: 0
errmsg: 'ok. Warning: wrong json format. '
tag_group: []
' 
2020-06-01 14:48:36,177 INFO 请求日志:errcode: 0
errmsg: ok
tag_group:
  group_id: etWxnMCgAAFgVRO__OQE-3fdRH831hwA
  group_name: GROUP_NAME,
  order: 0
  tag:
  - id: etWxnMCgAA2tj_HS4GutETItcs88R6OQ
    name: wangwu
    order: 0
' 
2020-06-01 14:48:36,285 INFO 请求日志:errcode: 0
errmsg: 'ok. Warning: wrong json format. '
tag_group:
- create_time: 1590994116
  group_id: etWxnMCgAAFgVRO__OQE-3fdRH831hwA
  group_name: GROUP_NAME,
  order: 0
  tag:
  - create_time: 1590994116
    id: etWxnMCgAA2tj_HS4GutETItcs88R6OQ
    name: wangwu
    order: 0
' 
2020-06-01 14:48:36,523 INFO 请求日志:errcode: 0
errmsg: ok
' 
2020-06-01 14:48:36,669 INFO 请求日志:errcode: 0
errmsg: 'ok. Warning: wrong json format. '
tag_group:
- create_time: 1590994116
  group_id: etWxnMCgAAFgVRO__OQE-3fdRH831hwA
  group_name: GROUP_NAME,
  order: 0
  tag:
  - create_time: 1590994116
    id: etWxnMCgAA2tj_HS4GutETItcs88R6OQ
    name: liqi
    order: 0
' 
2020-06-01 14:48:36,795 INFO 请求日志:errcode: 0
errmsg: 'ok. Warning: wrong json format. '
tag_group:
- create_time: 1590994116
  group_id: etWxnMCgAAFgVRO__OQE-3fdRH831hwA
  group_name: GROUP_NAME,
  order: 0
  tag:
  - create_time: 1590994116
    id: etWxnMCgAA2tj_HS4GutETItcs88R6OQ
    name: liqi
    order: 0
' 
2020-06-01 14:48:36,928 INFO 请求日志:errcode: 0
errmsg: ok
tag_group:
  group_id: etWxnMCgAAFgVRO__OQE-3fdRH831hwA
  group_name: GROUP_NAME,
  tag:
  - id: etWxnMCgAAV_Hu0lI3BBnmaENpe5lIDQ
    name: zhangsan
    order: 0
' 
2020-06-01 14:48:37,078 INFO 请求日志:errcode: 0
errmsg: 'ok. Warning: wrong json format. '
tag_group:
- create_time: 1590994116
  group_id: etWxnMCgAAFgVRO__OQE-3fdRH831hwA
  group_name: GROUP_NAME,
  order: 0
  tag:
  - create_time: 1590994116
    id: etWxnMCgAAV_Hu0lI3BBnmaENpe5lIDQ
    name: zhangsan
    order: 0
  - create_time: 1590994116
    id: etWxnMCgAA2tj_HS4GutETItcs88R6OQ
    name: liqi
    order: 0
' 
2020-06-01 14:48:37,264 INFO 请求日志:errcode: 0
errmsg: ok
' 
2020-06-01 14:48:37,435 INFO 请求日志:errcode: 0
errmsg: ok
tag_group:
  group_id: etWxnMCgAAFgVRO__OQE-3fdRH831hwA
  group_name: GROUP_NAME,
  tag:
  - id: etWxnMCgAAGI-XBD6HGICspkw0U1cnjw
    name: wangwu
    order: 0
' 
2020-06-01 14:48:37,572 INFO 请求日志:errcode: 0
errmsg: 'ok. Warning: wrong json format. '
tag_group:
- create_time: 1590994116
  group_id: etWxnMCgAAFgVRO__OQE-3fdRH831hwA
  group_name: GROUP_NAME,
  order: 0
  tag:
  - create_time: 1590994117
    id: etWxnMCgAAGI-XBD6HGICspkw0U1cnjw
    name: wangwu
    order: 0
  - create_time: 1590994116
    id: etWxnMCgAAV_Hu0lI3BBnmaENpe5lIDQ
    name: liwu
    order: 0
  - create_time: 1590994116
    id: etWxnMCgAA2tj_HS4GutETItcs88R6OQ
    name: liqi
    order: 0
' 
2020-06-01 14:48:37,731 INFO 请求日志:errcode: 0
errmsg: ok
' 
2020-06-01 14:48:37,862 INFO 请求日志:errcode: 0
errmsg: 'ok. Warning: wrong json format. '
tag_group:
- create_time: 1590994116
  group_id: etWxnMCgAAFgVRO__OQE-3fdRH831hwA
  group_name: GROUP_NAME,
  order: 0
  tag:
  - create_time: 1590994117
    id: etWxnMCgAAGI-XBD6HGICspkw0U1cnjw
    name: zhangsan
    order: 0
  - create_time: 1590994116
    id: etWxnMCgAAV_Hu0lI3BBnmaENpe5lIDQ
    name: liwu
    order: 0
  - create_time: 1590994116
    id: etWxnMCgAA2tj_HS4GutETItcs88R6OQ
    name: liqi
    order: 0
' 
2020-06-01 14:48:37,963 INFO 请求日志:errcode: 0
errmsg: 'ok. Warning: wrong json format. '
tag_group:
- create_time: 1590994116
  group_id: etWxnMCgAAFgVRO__OQE-3fdRH831hwA
  group_name: GROUP_NAME,
  order: 0
  tag:
  - create_time: 1590994117
    id: etWxnMCgAAGI-XBD6HGICspkw0U1cnjw
    name: zhangsan
    order: 0
  - create_time: 1590994116
    id: etWxnMCgAAV_Hu0lI3BBnmaENpe5lIDQ
    name: liwu
    order: 0
  - create_time: 1590994116
    id: etWxnMCgAA2tj_HS4GutETItcs88R6OQ
    name: liqi
    order: 0
' 
2020-06-01 14:48:38,097 INFO 请求日志:errcode: 0
errmsg: ok
' 
2020-06-03 12:46:38,765 INFO 请求日志:access_token: _3hKNwoZCAHtIHbST6Llbpecv8NcwipnMRM0YxZfymXzUKY4L_5aPT8JiwhVot6KEwswsu7A0rSiC_Hrw_Z9JfxyXyBkExdHwyO9p5c2RPy9i2O59jXiLoq0xVO3MZAc5N593uCRxEYGpzldEHqbUxRghSZ9Qv0qvyHqUVmU_XDcyPs8P6CMvqcF0thnwXVAlcNdZrMe1cb_jd9X1l7p3A
errcode: 0
errmsg: ok
expires_in: 7200
' 
2020-06-03 12:46:38,933 INFO 请求日志:errcode: 0
errmsg: 'ok. Warning: wrong json format. '
tag_group:
- create_time: 1590994116
  group_id: etWxnMCgAAFgVRO__OQE-3fdRH831hwA
  group_name: GROUP_NAME,
  order: 0
  tag:
  - create_time: 1590994116
    id: etWxnMCgAAV_Hu0lI3BBnmaENpe5lIDQ
    name: liwu
    order: 0
  - create_time: 1590994116
    id: etWxnMCgAA2tj_HS4GutETItcs88R6OQ
    name: liqi
    order: 0
' 
2020-06-03 12:46:39,079 INFO 请求日志:errcode: 0
errmsg: ok
' 
2020-06-03 12:46:39,220 INFO 请求日志:errcode: 0
errmsg: ok
' 
2020-06-03 12:46:39,338 INFO 请求日志:errcode: 0
errmsg: 'ok. Warning: wrong json format. '
tag_group: []
' 
2020-06-03 12:46:49,638 INFO 请求日志:access_token: _3hKNwoZCAHtIHbST6Llbpecv8NcwipnMRM0YxZfymXzUKY4L_5aPT8JiwhVot6KEwswsu7A0rSiC_Hrw_Z9JfxyXyBkExdHwyO9p5c2RPy9i2O59jXiLoq0xVO3MZAc5N593uCRxEYGpzldEHqbUxRghSZ9Qv0qvyHqUVmU_XDcyPs8P6CMvqcF0thnwXVAlcNdZrMe1cb_jd9X1l7p3A
errcode: 0
errmsg: ok
expires_in: 7200
' 
2020-06-03 12:46:49,738 INFO 请求日志:errcode: 0
errmsg: 'ok. Warning: wrong json format. '
tag_group: []
' 
2020-06-03 12:46:49,839 INFO 请求日志:errcode: 0
errmsg: 'ok. Warning: wrong json format. '
tag_group: []
' 
2020-06-03 12:46:49,959 INFO 请求日志:errcode: 0
errmsg: 'ok. Warning: wrong json format. '
tag_group: []
' 
2020-06-03 12:46:50,187 INFO 请求日志:errcode: 0
errmsg: ok
tag_group:
  group_id: etWxnMCgAAfgK3Uqr73WaknE5AWcCS1Q
  group_name: GROUP_NAME,
  order: 0
  tag:
  - id: etWxnMCgAApF0KQSOYekS_ENL0_rZKKA
    name: wangwu
    order: 0
' 
2020-06-03 12:46:50,272 INFO 请求日志:errcode: 0
errmsg: 'ok. Warning: wrong json format. '
tag_group:
- create_time: 1591159610
  group_id: etWxnMCgAAfgK3Uqr73WaknE5AWcCS1Q
  group_name: GROUP_NAME,
  order: 0
  tag:
  - create_time: 1591159610
    id: etWxnMCgAApF0KQSOYekS_ENL0_rZKKA
    name: wangwu
    order: 0
' 
2020-06-03 12:46:50,482 INFO 请求日志:errcode: 0
errmsg: ok
' 
2020-06-03 12:46:50,591 INFO 请求日志:errcode: 0
errmsg: 'ok. Warning: wrong json format. '
tag_group:
- create_time: 1591159610
  group_id: etWxnMCgAAfgK3Uqr73WaknE5AWcCS1Q
  group_name: GROUP_NAME,
  order: 0
  tag:
  - create_time: 1591159610
    id: etWxnMCgAApF0KQSOYekS_ENL0_rZKKA
    name: liqi
    order: 0
' 
2020-06-03 12:46:50,761 INFO 请求日志:errcode: 0
errmsg: 'ok. Warning: wrong json format. '
tag_group:
- create_time: 1591159610
  group_id: etWxnMCgAAfgK3Uqr73WaknE5AWcCS1Q
  group_name: GROUP_NAME,
  order: 0
  tag:
  - create_time: 1591159610
    id: etWxnMCgAApF0KQSOYekS_ENL0_rZKKA
    name: liqi
    order: 0
' 
2020-06-03 12:46:50,843 INFO 请求日志:errcode: 40068
errmsg: 'invalid tagid, hint: [1591159610_59_c059a16536ebb22d3b1439806221d507], from
  ip: 58.248.10.92, more info at https://open.work.weixin.qq.com/devtool/query?e=40068'
' 
2020-06-03 12:46:51,010 INFO 请求日志:errcode: 0
errmsg: ok
tag_group:
  group_id: etWxnMCgAAfgK3Uqr73WaknE5AWcCS1Q
  group_name: GROUP_NAME,
  tag:
  - id: etWxnMCgAAbZkgSu6W2ieWoPlqxwf4DA
    name: wangwu
    order: 0
' 
2020-06-03 12:46:51,118 INFO 请求日志:errcode: 0
errmsg: 'ok. Warning: wrong json format. '
tag_group:
- create_time: 1591159610
  group_id: etWxnMCgAAfgK3Uqr73WaknE5AWcCS1Q
  group_name: GROUP_NAME,
  order: 0
  tag:
  - create_time: 1591159610
    id: etWxnMCgAApF0KQSOYekS_ENL0_rZKKA
    name: liqi
    order: 0
  - create_time: 1591159610
    id: etWxnMCgAAbZkgSu6W2ieWoPlqxwf4DA
    name: wangwu
    order: 0
' 
2020-06-03 12:46:51,263 INFO 请求日志:errcode: 0
errmsg: ok
' 
2020-06-03 12:46:51,362 INFO 请求日志:errcode: 0
errmsg: 'ok. Warning: wrong json format. '
tag_group:
- create_time: 1591159610
  group_id: etWxnMCgAAfgK3Uqr73WaknE5AWcCS1Q
  group_name: GROUP_NAME,
  order: 0
  tag:
  - create_time: 1591159610
    id: etWxnMCgAApF0KQSOYekS_ENL0_rZKKA
    name: liqi
    order: 0
  - create_time: 1591159610
    id: etWxnMCgAAbZkgSu6W2ieWoPlqxwf4DA
    name: zhangsan
    order: 0
' 
2020-06-03 12:46:51,477 INFO 请求日志:errcode: 0
errmsg: 'ok. Warning: wrong json format. '
tag_group:
- create_time: 1591159610
  group_id: etWxnMCgAAfgK3Uqr73WaknE5AWcCS1Q
  group_name: GROUP_NAME,
  order: 0
  tag:
  - create_time: 1591159610
    id: etWxnMCgAApF0KQSOYekS_ENL0_rZKKA
    name: liqi
    order: 0
  - create_time: 1591159610
    id: etWxnMCgAAbZkgSu6W2ieWoPlqxwf4DA
    name: zhangsan
    order: 0
' 
2020-06-03 12:46:51,628 INFO 请求日志:errcode: 0
errmsg: ok
' 
2020-06-03 12:47:24,193 INFO 请求日志:access_token: _3hKNwoZCAHtIHbST6Llbpecv8NcwipnMRM0YxZfymXzUKY4L_5aPT8JiwhVot6KEwswsu7A0rSiC_Hrw_Z9JfxyXyBkExdHwyO9p5c2RPy9i2O59jXiLoq0xVO3MZAc5N593uCRxEYGpzldEHqbUxRghSZ9Qv0qvyHqUVmU_XDcyPs8P6CMvqcF0thnwXVAlcNdZrMe1cb_jd9X1l7p3A
errcode: 0
errmsg: ok
expires_in: 7200
' 
2020-06-03 12:47:24,310 INFO 请求日志:errcode: 0
errmsg: 'ok. Warning: wrong json format. '
tag_group:
- create_time: 1591159610
  group_id: etWxnMCgAAfgK3Uqr73WaknE5AWcCS1Q
  group_name: GROUP_NAME,
  order: 0
  tag:
  - create_time: 1591159610
    id: etWxnMCgAApF0KQSOYekS_ENL0_rZKKA
    name: liqi
    order: 0
' 
2020-06-03 12:47:24,467 INFO 请求日志:errcode: 0
errmsg: ok
' 
2020-06-03 12:47:24,592 INFO 请求日志:errcode: 0
errmsg: 'ok. Warning: wrong json format. '
tag_group: []
' 
2020-06-03 12:47:24,680 INFO 请求日志:errcode: 0
errmsg: 'ok. Warning: wrong json format. '
tag_group: []
' 
2020-06-03 12:47:24,806 INFO 请求日志:errcode: 0
errmsg: ok
tag_group:
  group_id: etWxnMCgAAuY4yF9CkqnfDAaPIaUkkJQ
  group_name: GROUP_NAME,
  order: 0
  tag:
  - id: etWxnMCgAAYcIXAaO94-XlnCaw-Ub2pg
    name: wangwu
    order: 0
' 
2020-06-03 12:47:24,928 INFO 请求日志:errcode: 0
errmsg: 'ok. Warning: wrong json format. '
tag_group:
- create_time: 1591159644
  group_id: etWxnMCgAAuY4yF9CkqnfDAaPIaUkkJQ
  group_name: GROUP_NAME,
  order: 0
  tag:
  - create_time: 1591159644
    id: etWxnMCgAAYcIXAaO94-XlnCaw-Ub2pg
    name: wangwu
    order: 0
' 
2020-06-03 12:47:25,082 INFO 请求日志:errcode: 0
errmsg: ok
' 
2020-06-03 12:47:25,180 INFO 请求日志:errcode: 0
errmsg: 'ok. Warning: wrong json format. '
tag_group:
- create_time: 1591159644
  group_id: etWxnMCgAAuY4yF9CkqnfDAaPIaUkkJQ
  group_name: GROUP_NAME,
  order: 0
  tag:
  - create_time: 1591159644
    id: etWxnMCgAAYcIXAaO94-XlnCaw-Ub2pg
    name: liqi
    order: 0
' 
2020-06-03 12:47:25,274 INFO 请求日志:errcode: 0
errmsg: 'ok. Warning: wrong json format. '
tag_group:
- create_time: 1591159644
  group_id: etWxnMCgAAuY4yF9CkqnfDAaPIaUkkJQ
  group_name: GROUP_NAME,
  order: 0
  tag:
  - create_time: 1591159644
    id: etWxnMCgAAYcIXAaO94-XlnCaw-Ub2pg
    name: liqi
    order: 0
' 
2020-06-03 12:47:25,408 INFO 请求日志:errcode: 0
errmsg: ok
tag_group:
  group_id: etWxnMCgAAuY4yF9CkqnfDAaPIaUkkJQ
  group_name: GROUP_NAME,
  tag:
  - id: etWxnMCgAAQQHod32s9-oleo0w0sHWVw
    name: zhangsan
    order: 0
' 
2020-06-03 12:47:25,520 INFO 请求日志:errcode: 0
errmsg: 'ok. Warning: wrong json format. '
tag_group:
- create_time: 1591159644
  group_id: etWxnMCgAAuY4yF9CkqnfDAaPIaUkkJQ
  group_name: GROUP_NAME,
  order: 0
  tag:
  - create_time: 1591159644
    id: etWxnMCgAAYcIXAaO94-XlnCaw-Ub2pg
    name: liqi
    order: 0
  - create_time: 1591159645
    id: etWxnMCgAAQQHod32s9-oleo0w0sHWVw
    name: zhangsan
    order: 0
' 
2020-06-03 12:47:25,642 INFO 请求日志:errcode: 0
errmsg: ok
' 
2020-06-03 12:47:25,847 INFO 请求日志:errcode: 0
errmsg: ok
tag_group:
  group_id: etWxnMCgAAuY4yF9CkqnfDAaPIaUkkJQ
  group_name: GROUP_NAME,
  tag:
  - id: etWxnMCgAAx3udkbsBOHUTRNhmtFQfkA
    name: wangwu
    order: 0
' 
2020-06-03 12:47:25,963 INFO 请求日志:errcode: 0
errmsg: 'ok. Warning: wrong json format. '
tag_group:
- create_time: 1591159644
  group_id: etWxnMCgAAuY4yF9CkqnfDAaPIaUkkJQ
  group_name: GROUP_NAME,
  order: 0
  tag:
  - create_time: 1591159645
    id: etWxnMCgAAx3udkbsBOHUTRNhmtFQfkA
    name: wangwu
    order: 0
  - create_time: 1591159644
    id: etWxnMCgAAYcIXAaO94-XlnCaw-Ub2pg
    name: liqi
    order: 0
  - create_time: 1591159645
    id: etWxnMCgAAQQHod32s9-oleo0w0sHWVw
    name: liwu
    order: 0
' 
2020-06-03 12:47:26,123 INFO 请求日志:errcode: 0
errmsg: ok
' 
2020-06-03 12:47:26,224 INFO 请求日志:errcode: 0
errmsg: 'ok. Warning: wrong json format. '
tag_group:
- create_time: 1591159644
  group_id: etWxnMCgAAuY4yF9CkqnfDAaPIaUkkJQ
  group_name: GROUP_NAME,
  order: 0
  tag:
  - create_time: 1591159645
    id: etWxnMCgAAx3udkbsBOHUTRNhmtFQfkA
    name: zhangsan
    order: 0
  - create_time: 1591159644
    id: etWxnMCgAAYcIXAaO94-XlnCaw-Ub2pg
    name: liqi
    order: 0
  - create_time: 1591159645
    id: etWxnMCgAAQQHod32s9-oleo0w0sHWVw
    name: liwu
    order: 0
' 
2020-06-03 12:47:26,321 INFO 请求日志:errcode: 0
errmsg: 'ok. Warning: wrong json format. '
tag_group:
- create_time: 1591159644
  group_id: etWxnMCgAAuY4yF9CkqnfDAaPIaUkkJQ
  group_name: GROUP_NAME,
  order: 0
  tag:
  - create_time: 1591159645
    id: etWxnMCgAAx3udkbsBOHUTRNhmtFQfkA
    name: zhangsan
    order: 0
  - create_time: 1591159644
    id: etWxnMCgAAYcIXAaO94-XlnCaw-Ub2pg
    name: liqi
    order: 0
  - create_time: 1591159645
    id: etWxnMCgAAQQHod32s9-oleo0w0sHWVw
    name: liwu
    order: 0
' 
2020-06-03 12:47:26,475 INFO 请求日志:errcode: 0
errmsg: ok
' 
